
╔══════════════════════════════════════════════════════════╗
║            SnapOn · Full WSL2 First-Time Setup          ║
╚══════════════════════════════════════════════════════════╝
  ExecuTorch src : /mnt/d/SnapOn/executorch-release-1.3
  ExecuTorch dst : /root/executorch
  QNN SDK        : /mnt/d/SnapOn/v2.47.0.260601
  CPU threads    : 12

━━━ STEP 1/6 — System packages ━━━
  Detected distro: kali
Reading package lists...
Building dependency tree...
Reading state information...
Skipping git, it is already installed and upgrade is not set.
Skipping cmake, it is already installed and upgrade is not set.
Skipping ninja-build, it is already installed and upgrade is not set.
Skipping python3, it is already installed and upgrade is not set.
Skipping python3-venv, it is already installed and upgrade is not set.
Skipping python3-pip, it is already installed and upgrade is not set.
Skipping unzip, it is already installed and upgrade is not set.
Skipping wget, it is already installed and upgrade is not set.
Skipping curl, it is already installed and upgrade is not set.
Skipping build-essential, it is already installed and upgrade is not set.
Skipping pkg-config, it is already installed and upgrade is not set.
Skipping libssl-dev, it is already installed and upgrade is not set.
Skipping zlib1g-dev, it is already installed and upgrade is not set.
Skipping patchelf, it is already installed and upgrade is not set.
Solving dependencies...
The following packages were automatically installed and are no longer required:
  cmake-data libcrypt-dev
Use 'apt autoremove' to remove them.
0 upgraded, 0 newly installed, 0 to remove and 261 not upgraded.
Reading package lists...
Building dependency tree...
Reading state information...
Reading package lists...
Building dependency tree...
Reading state information...
Skipping default-jdk, it is already installed and upgrade is not set.
Solving dependencies...
The following packages were automatically installed and are no longer required:
  cmake-data libcrypt-dev
Use 'apt autoremove' to remove them.
0 upgraded, 0 newly installed, 0 to remove and 261 not upgraded.
[0;32m✓ default-jdk installed[0m
[0;32m✓ System packages done[0m
  Python: Python 3.13.12
  CMake : cmake version 4.3.3

━━━ STEP 2/6 — Android NDK r27d (Linux) ━━━
[0;32m✓ Already installed — skipping[0m
[0;32m✓ NDK already installed[0m
[0;32m✓ NDK ready: /root/android-sdk/ndk/27.2.12479018[0m

━━━ STEP 3/6 — Prepare ExecuTorch ━━━
[0;32m✓ Already exists at /root/executorch[0m
[1;33m⚠ Downloading git submodules (~1.5 GB, takes 10-20 min) …[0m
[0;32m✓ Submodules ready[0m

━━━ STEP 4/6 — Python environment + model export ━━━
[0;32m✓ venv active: /root/snapknow-venv/bin/python3[0m
ERROR: pip's dependency resolver does not currently take into account all the packages that are installed. This behaviour is the source of the following dependency conflicts.
torch 2.12.1+cpu requires setuptools<82, but you have setuptools 82.0.1 which is incompatible.
facenet-pytorch 2.6.0 requires numpy<2.0.0,>=1.24.0, but you have numpy 2.4.4 which is incompatible.
facenet-pytorch 2.6.0 requires Pillow<10.3.0,>=10.2.0, but you have pillow 12.2.0 which is incompatible.
facenet-pytorch 2.6.0 requires torch<2.3.0,>=2.2.0, but you have torch 2.12.1+cpu which is incompatible.
facenet-pytorch 2.6.0 requires torchvision<0.18.0,>=0.17.0, but you have torchvision 0.27.1+cpu which is incompatible.
[1;33m⚠ Installing Python packages — torch, facenet-pytorch (~2 GB, 10-20 min) …[0m
Requirement already satisfied: numpy>=2.0.0 in /root/snapknow-venv/lib/python3.13/site-packages (from -r /mnt/d/SnapOn/model_tools/requirements.txt (line 1)) (2.4.4)
Requirement already satisfied: Pillow>=10.4.0 in /root/snapknow-venv/lib/python3.13/site-packages (from -r /mnt/d/SnapOn/model_tools/requirements.txt (line 2)) (12.2.0)
Requirement already satisfied: onnx>=1.16.0 in /root/snapknow-venv/lib/python3.13/site-packages (from -r /mnt/d/SnapOn/model_tools/requirements.txt (line 3)) (1.22.0)
Requirement already satisfied: torch>=2.4.0 in /root/snapknow-venv/lib/python3.13/site-packages (from -r /mnt/d/SnapOn/model_tools/requirements.txt (line 4)) (2.12.1+cpu)
Requirement already satisfied: torchvision>=0.19.0 in /root/snapknow-venv/lib/python3.13/site-packages (from -r /mnt/d/SnapOn/model_tools/requirements.txt (line 5)) (0.27.1+cpu)
Requirement already satisfied: protobuf>=4.25.1 in /root/snapknow-venv/lib/python3.13/site-packages (from onnx>=1.16.0->-r /mnt/d/SnapOn/model_tools/requirements.txt (line 3)) (7.35.1)
Requirement already satisfied: typing_extensions>=4.15.0 in /root/snapknow-venv/lib/python3.13/site-packages (from onnx>=1.16.0->-r /mnt/d/SnapOn/model_tools/requirements.txt (line 3)) (4.15.0)
Requirement already satisfied: ml_dtypes>=0.5.4 in /root/snapknow-venv/lib/python3.13/site-packages (from onnx>=1.16.0->-r /mnt/d/SnapOn/model_tools/requirements.txt (line 3)) (0.5.4)
Requirement already satisfied: filelock in /root/snapknow-venv/lib/python3.13/site-packages (from torch>=2.4.0->-r /mnt/d/SnapOn/model_tools/requirements.txt (line 4)) (3.29.0)
Collecting setuptools<82 (from torch>=2.4.0->-r /mnt/d/SnapOn/model_tools/requirements.txt (line 4))
  Using cached setuptools-81.0.0-py3-none-any.whl.metadata (6.6 kB)
Requirement already satisfied: sympy>=1.13.3 in /root/snapknow-venv/lib/python3.13/site-packages (from torch>=2.4.0->-r /mnt/d/SnapOn/model_tools/requirements.txt (line 4)) (1.14.0)
Requirement already satisfied: networkx>=2.5.1 in /root/snapknow-venv/lib/python3.13/site-packages (from torch>=2.4.0->-r /mnt/d/SnapOn/model_tools/requirements.txt (line 4)) (3.6.1)
Requirement already satisfied: jinja2 in /root/snapknow-venv/lib/python3.13/site-packages (from torch>=2.4.0->-r /mnt/d/SnapOn/model_tools/requirements.txt (line 4)) (3.1.6)
Requirement already satisfied: fsspec>=0.8.5 in /root/snapknow-venv/lib/python3.13/site-packages (from torch>=2.4.0->-r /mnt/d/SnapOn/model_tools/requirements.txt (line 4)) (2026.4.0)
Requirement already satisfied: mpmath<1.4,>=1.1.0 in /root/snapknow-venv/lib/python3.13/site-packages (from sympy>=1.13.3->torch>=2.4.0->-r /mnt/d/SnapOn/model_tools/requirements.txt (line 4)) (1.3.0)
Requirement already satisfied: MarkupSafe>=2.0 in /root/snapknow-venv/lib/python3.13/site-packages (from jinja2->torch>=2.4.0->-r /mnt/d/SnapOn/model_tools/requirements.txt (line 4)) (3.0.3)
Using cached setuptools-81.0.0-py3-none-any.whl (1.1 MB)
Installing collected packages: setuptools
  Attempting uninstall: setuptools
    Found existing installation: setuptools 82.0.1
    Uninstalling setuptools-82.0.1:
      Successfully uninstalled setuptools-82.0.1
ERROR: pip's dependency resolver does not currently take into account all the packages that are installed. This behaviour is the source of the following dependency conflicts.
facenet-pytorch 2.6.0 requires numpy<2.0.0,>=1.24.0, but you have numpy 2.4.4 which is incompatible.
facenet-pytorch 2.6.0 requires Pillow<10.3.0,>=10.2.0, but you have pillow 12.2.0 which is incompatible.
facenet-pytorch 2.6.0 requires torch<2.3.0,>=2.2.0, but you have torch 2.12.1+cpu which is incompatible.
facenet-pytorch 2.6.0 requires torchvision<0.18.0,>=0.17.0, but you have torchvision 0.27.1+cpu which is incompatible.
Successfully installed setuptools-81.0.0
[1;33m⚠ No ET requirements.txt — skipping[0m
[1;33m⚠ No ET setup.py — skipping[0m
[0;32m✓ Python environment ready[0m
[1;33m⚠ Exporting MobileFaceNet → face_embedding.pte …[0m
python3: can't open file '/mnt/d/SnapOn/model_tools/export_face_embedding.py': [Errno 2] No such file or directory
[1;33m⚠ Model export failed — app still works in camera-only mode[0m

━━━ STEP 5/6 — Build ExecuTorch AAR (20-40 min) ━━━
[1;33m⚠ Running CMake configure …[0m
CMake Error: The source directory "/root/executorch" does not appear to contain CMakeLists.txt.
Specify --help for usage, or press the help button on the CMake GUI.
